0 info it worked if it ends with ok
1 verbose cli [ 'C:\\Program Files (x86)\\nodejs\\node.exe',
1 verbose cli   'C:\\Users\\Radek\\AppData\\Roaming\\npm\\node_modules\\npm\\bin\\npm-cli.js',
1 verbose cli   'start' ]
2 info using npm@3.7.3
3 info using node@v7.9.0
4 verbose run-script [ 'prestart', 'start', 'poststart' ]
5 info lifecycle rw-stockwatch@1.0.1~prestart: rw-stockwatch@1.0.1
6 silly lifecycle rw-stockwatch@1.0.1~prestart: no script for prestart, continuing
7 info lifecycle rw-stockwatch@1.0.1~start: rw-stockwatch@1.0.1
8 verbose lifecycle rw-stockwatch@1.0.1~start: unsafe-perm in lifecycle true
9 verbose lifecycle rw-stockwatch@1.0.1~start: PATH: C:\Users\Radek\AppData\Roaming\npm\node_modules\npm\bin\node-gyp-bin;E:\Git\rw-stockwatch\node_modules\.bin;C:\Program Files (x86)\nodejs;E:\cmder\bin;E:\cmder\vendor\conemu-maximus5\ConEmu\Scripts;E:\cmder\vendor\conemu-maximus5;E:\cmder\vendor\conemu-maximus5\ConEmu;C:\Python27\;C:\Python27\Scripts;E:\Android\sdk\platform-tools;C:\ProgramData\Oracle\Java\javapath;C:\Program Files (x86)\ImageMagick-6.9.2-Q16;C:\WINDOWS\system32;C:\WINDOWS;C:\WINDOWS\System32\Wbem;C:\WINDOWS\System32\WindowsPowerShell\v1.0\;C:\Program Files\ThinkPad\Bluetooth Software\;C:\Program Files\ThinkPad\Bluetooth Software\syswow64;C:\Program Files (x86)\Common Files\Acronis\SnapAPI\;C:\Program Files\Calibre2\;C:\Users\Radek\.dnx\bin;C:\Program Files\Microsoft DNX\Dnvm\;C:\Program Files\Microsoft\Web Platform Installer\;C:\Program Files (x86)\Windows Kits\10\Windows Performance Toolkit\;C:\Program Files (x86)\PuTTY\;C:\Program Files (x86)\Heroku\bin;C:\Program Files (x86)\git\cmd;C:\Ruby21\bin;C:\Program Files (x86)\Java\jre7\bin;C:\Users\Radek\AppData\Roaming\npm;C:\WINDOWS\system32;C:\WINDOWS;C:\WINDOWS\System32\Wbem;C:\WINDOWS\System32\WindowsPowerShell\v1.0\;C:\Program Files\Microsoft SQL Server\130\Tools\Binn\;C:\Program Files\dotnet\;C:\ProgramData\chocolatey\bin;C:\Program Files (x86)\Yarn\bin;C:\Program Files (x86)\Microsoft SQL Server\Client SDK\ODBC\110\Tools\Binn\;C:\Program Files (x86)\Microsoft SQL Server\120\Tools\Binn\;C:\Program Files (x86)\Microsoft SQL Server\120\DTS\Binn\;C:\Program Files (x86)\Microsoft SQL Server\Client SDK\ODBC\130\Tools\Binn\;C:\Program Files (x86)\Microsoft SQL Server\130\Tools\Binn\;C:\Program Files (x86)\Microsoft SQL Server\130\DTS\Binn\;C:\Program Files (x86)\Microsoft SQL Server\130\Tools\Binn\ManagementStudio\;C:\TwinCAT\Common32;C:\TwinCAT\Common64;C:\Program Files (x86)\Skype\Phone\;C:\Program Files (x86)\nodejs\;C:\Program Files\Git\cmd;C:\Program Files\MySQL\MySQL Server 5.7\bin;e:\Android\sdk\platform-tools;C:\Users\Radek\AppData\Local\atom\bin;C:\Users\Radek\AppData\Local\Yarn\.bin;C:\Users\Radek\AppData\Roaming\npm;C:\Program Files (x86)\Nmap;C:\Program Files\Heroku\bin;C:\Users\Radek\AppData\Local\Microsoft\WindowsApps;C:\Users\Radek\AppData\Local\GitHubDesktop\bin;;C:\Program Files\Git\usr\bin;C:\Program Files\Git\usr\share\vim\vim74;E:\cmder\
10 verbose lifecycle rw-stockwatch@1.0.1~start: CWD: E:\Git\rw-stockwatch
11 silly lifecycle rw-stockwatch@1.0.1~start: Args: [ '/d /s /c', 'node server.js' ]
12 silly lifecycle rw-stockwatch@1.0.1~start: Returned: code: 1  signal: null
13 info lifecycle rw-stockwatch@1.0.1~start: Failed to exec start script
14 verbose stack Error: rw-stockwatch@1.0.1 start: `node server.js`
14 verbose stack Exit status 1
14 verbose stack     at EventEmitter.<anonymous> (C:\Users\Radek\AppData\Roaming\npm\node_modules\npm\lib\utils\lifecycle.js:239:16)
14 verbose stack     at emitTwo (events.js:106:13)
14 verbose stack     at EventEmitter.emit (events.js:194:7)
14 verbose stack     at ChildProcess.<anonymous> (C:\Users\Radek\AppData\Roaming\npm\node_modules\npm\lib\utils\spawn.js:24:14)
14 verbose stack     at emitTwo (events.js:106:13)
14 verbose stack     at ChildProcess.emit (events.js:194:7)
14 verbose stack     at maybeClose (internal/child_process.js:899:16)
14 verbose stack     at Process.ChildProcess._handle.onexit (internal/child_process.js:226:5)
15 verbose pkgid rw-stockwatch@1.0.1
16 verbose cwd E:\Git\rw-stockwatch
17 error Windows_NT 10.0.15063
18 error argv "C:\\Program Files (x86)\\nodejs\\node.exe" "C:\\Users\\Radek\\AppData\\Roaming\\npm\\node_modules\\npm\\bin\\npm-cli.js" "start"
19 error node v7.9.0
20 error npm  v3.7.3
21 error code ELIFECYCLE
22 error rw-stockwatch@1.0.1 start: `node server.js`
22 error Exit status 1
23 error Failed at the rw-stockwatch@1.0.1 start script 'node server.js'.
23 error Make sure you have the latest version of node.js and npm installed.
23 error If you do, this is most likely a problem with the rw-stockwatch package,
23 error not with npm itself.
23 error Tell the author that this fails on your system:
23 error     node server.js
23 error You can get information on how to open an issue for this project with:
23 error     npm bugs rw-stockwatch
23 error Or if that isn't available, you can get their info via:
23 error     npm owner ls rw-stockwatch
23 error There is likely additional logging output above.
24 verbose exit [ 1, true ]
